# JRE version: Java(TM) SE Runtime Environment (8.0_111-b14) (build 1.8.0_111-b14)
# Java VM: Java HotSpot(TM) 64-Bit Server VM (25.111-b14 mixed mode windows-amd64 compressed oops)
Heap:
 PSYoungGen      total 105984K, used 27261K [0x00000000d5d00000, 0x00000000df080000, 0x0000000100000000)
  eden space 94208K, 28% used [0x00000000d5d00000,0x00000000d779f548,0x00000000db900000)
  from space 11776K, 0% used [0x00000000db900000,0x00000000db900000,0x00000000dc480000)
  to   space 13824K, 0% used [0x00000000de300000,0x00000000de300000,0x00000000df080000)
 ParOldGen       total 68608K, used 18139K [0x0000000081600000, 0x0000000085900000, 0x00000000d5d00000)
  object space 68608K, 26% used [0x0000000081600000,0x00000000827b6ff0,0x0000000085900000)
 Metaspace       used 38651K, capacity 39030K, committed 39424K, reserved 1085440K
  class space    used 5002K, capacity 5116K, committed 5120K, reserved 1048576K
GC Heap History (10 events):
Event: 5.490 GC heap before
{Heap before GC invocations=8 (full 1):
 PSYoungGen      total 103936K, used 103051K [0x00000000d5d00000, 0x00000000dd000000, 0x0000000100000000)
  eden space 94208K, 100% used [0x00000000d5d00000,0x00000000db900000,0x00000000db900000)
  from space 9728K, 90% used [0x00000000dc680000,0x00000000dcf22de0,0x00000000dd000000)
  to   space 11776K, 0% used [0x00000000db900000,0x00000000db900000,0x00000000dc480000)
 ParOldGen       total 68608K, used 11026K [0x0000000081600000, 0x0000000085900000, 0x00000000d5d00000)
  object space 68608K, 16% used [0x0000000081600000,0x00000000820c4900,0x0000000085900000)
 Metaspace       used 32937K, capacity 33270K, committed 33536K, reserved 1079296K
  class space    used 4249K, capacity 4348K, committed 4352K, reserved 1048576K
Event: 5.513 GC heap after
Heap after GC invocations=8 (full 1):
 PSYoungGen      total 105984K, used 11599K [0x00000000d5d00000, 0x00000000dfb80000, 0x0000000100000000)
  eden space 94208K, 0% used [0x00000000d5d00000,0x00000000d5d00000,0x00000000db900000)
  from space 11776K, 98% used [0x00000000db900000,0x00000000dc453f98,0x00000000dc480000)
  to   space 13312K, 0% used [0x00000000dee80000,0x00000000dee80000,0x00000000dfb80000)
 ParOldGen       total 68608K, used 11034K [0x0000000081600000, 0x0000000085900000, 0x00000000d5d00000)
  object space 68608K, 16% used [0x0000000081600000,0x00000000820c6900,0x0000000085900000)
 Metaspace       used 32937K, capacity 33270K, committed 33536K, reserved 1079296K
  class space    used 4249K, capacity 4348K, committed 4352K, reserved 1048576K
}
Event: 5.677 GC heap before
{Heap before GC invocations=9 (full 1):
 PSYoungGen      total 105984K, used 18507K [0x00000000d5d00000, 0x00000000dfb80000, 0x0000000100000000)
  eden space 94208K, 7% used [0x00000000d5d00000,0x00000000d63beff0,0x00000000db900000)
  from space 11776K, 98% used [0x00000000db900000,0x00000000dc453f98,0x00000000dc480000)
  to   space 13312K, 0% used [0x00000000dee80000,0x00000000dee80000,0x00000000dfb80000)
 ParOldGen       total 68608K, used 11034K [0x0000000081600000, 0x0000000085900000, 0x00000000d5d00000)
  object space 68608K, 16% used [0x0000000081600000,0x00000000820c6900,0x0000000085900000)
 Metaspace       used 34666K, capacity 34998K, committed 35200K, reserved 1083392K
  class space    used 4397K, capacity 4476K, committed 4480K, reserved 1048576K
Event: 5.687 GC heap after
Heap after GC invocations=9 (full 1):
 PSYoungGen      total 107520K, used 8896K [0x00000000d5d00000, 0x00000000dfb80000, 0x0000000100000000)
  eden space 94208K, 0% used [0x00000000d5d00000,0x00000000d5d00000,0x00000000db900000)
  from space 13312K, 66% used [0x00000000dee80000,0x00000000df7301a0,0x00000000dfb80000)
  to   space 11776K, 0% used [0x00000000db900000,0x00000000db900000,0x00000000dc480000)
 ParOldGen       total 68608K, used 11042K [0x0000000081600000, 0x0000000085900000, 0x00000000d5d00000)
  object space 68608K, 16% used [0x0000000081600000,0x00000000820c8900,0x0000000085900000)
 Metaspace       used 34666K, capacity 34998K, committed 35200K, reserved 1083392K
  class space    used 4397K, capacity 4476K, committed 4480K, reserved 1048576K
}
Event: 5.687 GC heap before
{Heap before GC invocations=10 (full 2):
 PSYoungGen      total 107520K, used 8896K [0x00000000d5d00000, 0x00000000dfb80000, 0x0000000100000000)
  eden space 94208K, 0% used [0x00000000d5d00000,0x00000000d5d00000,0x00000000db900000)
  from space 13312K, 66% used [0x00000000dee80000,0x00000000df7301a0,0x00000000dfb80000)
  to   space 11776K, 0% used [0x00000000db900000,0x00000000db900000,0x00000000dc480000)
 ParOldGen       total 68608K, used 11042K [0x0000000081600000, 0x0000000085900000, 0x00000000d5d00000)
  object space 68608K, 16% used [0x0000000081600000,0x00000000820c8900,0x0000000085900000)
 Metaspace       used 34666K, capacity 34998K, committed 35200K, reserved 1083392K
  class space    used 4397K, capacity 4476K, committed 4480K, reserved 1048576K
Event: 5.783 GC heap after
Heap after GC invocations=10 (full 2):
 PSYoungGen      total 107520K, used 0K [0x00000000d5d00000, 0x00000000dfb80000, 0x0000000100000000)
  eden space 94208K, 0% used [0x00000000d5d00000,0x00000000d5d00000,0x00000000db900000)
  from space 13312K, 0% used [0x00000000dee80000,0x00000000dee80000,0x00000000dfb80000)
  to   space 11776K, 0% used [0x00000000db900000,0x00000000db900000,0x00000000dc480000)
 ParOldGen       total 68608K, used 17926K [0x0000000081600000, 0x0000000085900000, 0x00000000d5d00000)
  object space 68608K, 26% used [0x0000000081600000,0x0000000082781818,0x0000000085900000)
 Metaspace       used 34666K, capacity 34998K, committed 35200K, reserved 1081344K
  class space    used 4397K, capacity 4476K, committed 4480K, reserved 1048576K
}
Event: 5.839 GC heap before
{Heap before GC invocations=11 (full 2):
 PSYoungGen      total 107520K, used 5437K [0x00000000d5d00000, 0x00000000dfb80000, 0x0000000100000000)
  eden space 94208K, 5% used [0x00000000d5d00000,0x00000000d624f6c0,0x00000000db900000)
  from space 13312K, 0% used [0x00000000dee80000,0x00000000dee80000,0x00000000dfb80000)
  to   space 11776K, 0% used [0x00000000db900000,0x00000000db900000,0x00000000dc480000)
 ParOldGen       total 68608K, used 17926K [0x0000000081600000, 0x0000000085900000, 0x00000000d5d00000)
  object space 68608K, 26% used [0x0000000081600000,0x0000000082781818,0x0000000085900000)
 Metaspace       used 35287K, capacity 35638K, committed 35840K, reserved 1085440K
  class space    used 4506K, capacity 4604K, committed 4608K, reserved 1048576K
Event: 5.843 GC heap after
Heap after GC invocations=11 (full 2):
 PSYoungGen      total 105984K, used 901K [0x00000000d5d00000, 0x00000000df080000, 0x0000000100000000)
  eden space 94208K, 0% used [0x00000000d5d00000,0x00000000d5d00000,0x00000000db900000)
  from space 11776K, 7% used [0x00000000db900000,0x00000000db9e1598,0x00000000dc480000)
  to   space 13824K, 0% used [0x00000000de300000,0x00000000de300000,0x00000000df080000)
 ParOldGen       total 68608K, used 17926K [0x0000000081600000, 0x0000000085900000, 0x00000000d5d00000)
  object space 68608K, 26% used [0x0000000081600000,0x0000000082781818,0x0000000085900000)
 Metaspace       used 35287K, capacity 35638K, committed 35840K, reserved 1085440K
  class space    used 4506K, capacity 4604K, committed 4608K, reserved 1048576K
}
Event: 5.843 GC heap before
{Heap before GC invocations=12 (full 3):
 PSYoungGen      total 105984K, used 901K [0x00000000d5d00000, 0x00000000df080000, 0x0000000100000000)
  eden space 94208K, 0% used [0x00000000d5d00000,0x00000000d5d00000,0x00000000db900000)
  from space 11776K, 7% used [0x00000000db900000,0x00000000db9e1598,0x00000000dc480000)
  to   space 13824K, 0% used [0x00000000de300000,0x00000000de300000,0x00000000df080000)
 ParOldGen       total 68608K, used 17926K [0x0000000081600000, 0x0000000085900000, 0x00000000d5d00000)
  object space 68608K, 26% used [0x0000000081600000,0x0000000082781818,0x0000000085900000)
 Metaspace       used 35287K, capacity 35638K, committed 35840K, reserved 1085440K
  class space    used 4506K, capacity 4604K, committed 4608K, reserved 1048576K
Event: 5.971 GC heap after
Heap after GC invocations=12 (full 3):
 PSYoungGen      total 105984K, used 0K [0x00000000d5d00000, 0x00000000df080000, 0x0000000100000000)
  eden space 94208K, 0% used [0x00000000d5d00000,0x00000000d5d00000,0x00000000db900000)
  from space 11776K, 0% used [0x00000000db900000,0x00000000db900000,0x00000000dc480000)
  to   space 13824K, 0% used [0x00000000de300000,0x00000000de300000,0x00000000df080000)
 ParOldGen       total 68608K, used 18139K [0x0000000081600000, 0x0000000085900000, 0x00000000d5d00000)
  object space 68608K, 26% used [0x0000000081600000,0x00000000827b6ff0,0x0000000085900000)
 Metaspace       used 35287K, capacity 35638K, committed 35840K, reserved 1083392K
  class space    used 4506K, capacity 4604K, committed 4608K, reserved 1048576K
}

